[2018-06-19 12:55:18.396] [exthost1] [info] extension host started
[2018-06-19 12:55:18.421] [exthost1] [info] ExtensionService#_doActivateExtension vscode.emmet {"startup":true,"activationEvent":"*"}
[2018-06-19 12:55:18.421] [exthost1] [info] ExtensionService#loadCommonJSModule /usr/share/code/resources/app/extensions/emmet/out/extension
[2018-06-19 12:55:18.494] [exthost1] [info] ExtensionService#_doActivateExtension vscode.git {"startup":true,"activationEvent":"*"}
[2018-06-19 12:55:18.494] [exthost1] [info] ExtensionService#loadCommonJSModule /usr/share/code/resources/app/extensions/git/out/main
[2018-06-19 12:55:18.715] [exthost1] [info] ExtensionService#_doActivateExtension vscode.merge-conflict {"startup":true,"activationEvent":"*"}
[2018-06-19 12:55:18.715] [exthost1] [info] ExtensionService#loadCommonJSModule /usr/share/code/resources/app/extensions/merge-conflict/out/extension
[2018-06-19 12:55:18.736] [exthost1] [info] ExtensionService#_doActivateExtension vscode.search-rg {"startup":true,"activationEvent":"*"}
[2018-06-19 12:55:18.736] [exthost1] [info] ExtensionService#loadCommonJSModule /usr/share/code/resources/app/extensions/search-rg/out/extension
[2018-06-19 12:55:18.744] [exthost1] [info] ExtensionService#_doActivateExtension Equinusocio.vsc-material-theme {"startup":true,"activationEvent":"*"}
[2018-06-19 12:55:18.744] [exthost1] [info] ExtensionService#loadCommonJSModule /home/parallels/.vscode/extensions/Equinusocio.vsc-material-theme-2.1.0/extensions/material.theme.config.js
[2018-06-19 12:55:18.760] [exthost1] [info] ExtensionService#_doActivateExtension PKief.material-icon-theme {"startup":true,"activationEvent":"*"}
[2018-06-19 12:55:18.760] [exthost1] [info] ExtensionService#loadCommonJSModule /home/parallels/.vscode/extensions/PKief.material-icon-theme-3.5.0/out/src/extension
[2018-06-19 12:55:18.812] [exthost1] [info] eager extensions activated
[2018-06-19 12:55:35.856] [exthost1] [info] extension host started
[2018-06-19 12:55:35.898] [exthost1] [info] ExtensionService#_doActivateExtension vscode.emmet {"startup":true,"activationEvent":"*"}
[2018-06-19 12:55:35.898] [exthost1] [info] ExtensionService#loadCommonJSModule /usr/share/code/resources/app/extensions/emmet/out/extension
[2018-06-19 12:55:35.956] [exthost1] [info] ExtensionService#_doActivateExtension vscode.git {"startup":true,"activationEvent":"*"}
[2018-06-19 12:55:35.956] [exthost1] [info] ExtensionService#loadCommonJSModule /usr/share/code/resources/app/extensions/git/out/main
[2018-06-19 12:55:36.132] [exthost1] [info] ExtensionService#_doActivateExtension vscode.merge-conflict {"startup":true,"activationEvent":"*"}
[2018-06-19 12:55:36.132] [exthost1] [info] ExtensionService#loadCommonJSModule /usr/share/code/resources/app/extensions/merge-conflict/out/extension
[2018-06-19 12:55:36.143] [exthost1] [info] ExtensionService#_doActivateExtension vscode.search-rg {"startup":true,"activationEvent":"*"}
[2018-06-19 12:55:36.143] [exthost1] [info] ExtensionService#loadCommonJSModule /usr/share/code/resources/app/extensions/search-rg/out/extension
[2018-06-19 12:55:36.148] [exthost1] [info] ExtensionService#_doActivateExtension Equinusocio.vsc-material-theme {"startup":true,"activationEvent":"*"}
[2018-06-19 12:55:36.148] [exthost1] [info] ExtensionService#loadCommonJSModule /home/parallels/.vscode/extensions/Equinusocio.vsc-material-theme-2.1.0/extensions/material.theme.config.js
[2018-06-19 12:55:36.157] [exthost1] [info] ExtensionService#_doActivateExtension PKief.material-icon-theme {"startup":true,"activationEvent":"*"}
[2018-06-19 12:55:36.157] [exthost1] [info] ExtensionService#loadCommonJSModule /home/parallels/.vscode/extensions/PKief.material-icon-theme-3.5.0/out/src/extension
[2018-06-19 12:55:36.215] [exthost1] [info] eager extensions activated
[2018-06-19 12:56:09.911] [exthost1] [info] ExtensionService#_doActivateExtension vscode.html-language-features {"startup":false,"activationEvent":"onLanguage:html"}
[2018-06-19 12:56:09.911] [exthost1] [info] ExtensionService#loadCommonJSModule /usr/share/code/resources/app/extensions/html-language-features/client/out/htmlMain
[2018-06-19 12:56:16.551] [exthost1] [info] ExtensionService#_doActivateExtension vscode.php-language-features {"startup":false,"activationEvent":"onLanguage:php"}
[2018-06-19 12:56:16.551] [exthost1] [info] ExtensionService#loadCommonJSModule /usr/share/code/resources/app/extensions/php-language-features/out/phpMain
[2018-06-19 13:01:27.940] [exthost1] [info] ExtensionService#_doActivateExtension vscode.css-language-features {"startup":false,"activationEvent":"onLanguage:css"}
[2018-06-19 13:01:27.940] [exthost1] [info] ExtensionService#loadCommonJSModule /usr/share/code/resources/app/extensions/css-language-features/client/out/cssMain
[2018-06-19 13:13:35.875] [exthost1] [info] ExtensionService#_doActivateExtension vscode.typescript-language-features {"startup":false,"activationEvent":"onLanguage:javascript"}
[2018-06-19 13:13:35.875] [exthost1] [info] ExtensionService#loadCommonJSModule /usr/share/code/resources/app/extensions/typescript-language-features/out/extension
[2018-06-19 13:13:43.136] [exthost1] [info] ExtensionService#_doActivateExtension vscode.extension-editing {"startup":false,"activationEvent":"onLanguage:typescript"}
[2018-06-19 13:13:43.136] [exthost1] [info] ExtensionService#loadCommonJSModule /usr/share/code/resources/app/extensions/extension-editing/out/extension
[2018-06-19 13:14:38.799] [exthost1] [info] extension host started
[2018-06-19 13:14:38.849] [exthost1] [info] ExtensionService#_doActivateExtension vscode.emmet {"startup":true,"activationEvent":"*"}
[2018-06-19 13:14:38.849] [exthost1] [info] ExtensionService#loadCommonJSModule /usr/share/code/resources/app/extensions/emmet/out/extension
[2018-06-19 13:14:38.910] [exthost1] [info] ExtensionService#_doActivateExtension vscode.git {"startup":true,"activationEvent":"*"}
[2018-06-19 13:14:38.910] [exthost1] [info] ExtensionService#loadCommonJSModule /usr/share/code/resources/app/extensions/git/out/main
[2018-06-19 13:14:39.079] [exthost1] [info] ExtensionService#_doActivateExtension vscode.merge-conflict {"startup":true,"activationEvent":"*"}
[2018-06-19 13:14:39.079] [exthost1] [info] ExtensionService#loadCommonJSModule /usr/share/code/resources/app/extensions/merge-conflict/out/extension
[2018-06-19 13:14:39.091] [exthost1] [info] ExtensionService#_doActivateExtension vscode.search-rg {"startup":true,"activationEvent":"*"}
[2018-06-19 13:14:39.091] [exthost1] [info] ExtensionService#loadCommonJSModule /usr/share/code/resources/app/extensions/search-rg/out/extension
[2018-06-19 13:14:39.096] [exthost1] [info] ExtensionService#_doActivateExtension Equinusocio.vsc-material-theme {"startup":true,"activationEvent":"*"}
[2018-06-19 13:14:39.096] [exthost1] [info] ExtensionService#loadCommonJSModule /home/parallels/.vscode/extensions/Equinusocio.vsc-material-theme-2.1.0/extensions/material.theme.config.js
[2018-06-19 13:14:39.104] [exthost1] [info] ExtensionService#_doActivateExtension PKief.material-icon-theme {"startup":true,"activationEvent":"*"}
[2018-06-19 13:14:39.104] [exthost1] [info] ExtensionService#loadCommonJSModule /home/parallels/.vscode/extensions/PKief.material-icon-theme-3.5.0/out/src/extension
[2018-06-19 13:14:39.162] [exthost1] [info] eager extensions activated
[2018-06-19 13:15:16.897] [exthost1] [info] ExtensionService#_doActivateExtension vscode.html-language-features {"startup":false,"activationEvent":"onLanguage:html"}
[2018-06-19 13:15:16.897] [exthost1] [info] ExtensionService#loadCommonJSModule /usr/share/code/resources/app/extensions/html-language-features/client/out/htmlMain
[2018-06-19 13:15:28.144] [exthost1] [info] ExtensionService#_doActivateExtension vscode.typescript-language-features {"startup":false,"activationEvent":"onLanguage:javascript"}
[2018-06-19 13:15:28.144] [exthost1] [info] ExtensionService#loadCommonJSModule /usr/share/code/resources/app/extensions/typescript-language-features/out/extension
[2018-06-19 13:15:50.807] [exthost1] [info] ExtensionService#_doActivateExtension vscode.extension-editing {"startup":false,"activationEvent":"onLanguage:typescript"}
[2018-06-19 13:15:50.807] [exthost1] [info] ExtensionService#loadCommonJSModule /usr/share/code/resources/app/extensions/extension-editing/out/extension
[2018-06-19 13:22:54.248] [exthost1] [info] ExtensionService#_doActivateExtension vscode.php-language-features {"startup":false,"activationEvent":"onLanguage:php"}
[2018-06-19 13:22:54.248] [exthost1] [info] ExtensionService#loadCommonJSModule /usr/share/code/resources/app/extensions/php-language-features/out/phpMain
[2018-06-19 13:24:24.492] [exthost1] [info] ExtensionService#_doActivateExtension vscode.configuration-editing {"startup":false,"activationEvent":"onLanguage:jsonc"}
[2018-06-19 13:24:24.492] [exthost1] [info] ExtensionService#loadCommonJSModule /usr/share/code/resources/app/extensions/configuration-editing/out/extension
[2018-06-19 13:24:24.506] [exthost1] [info] ExtensionService#_doActivateExtension vscode.json-language-features {"startup":false,"activationEvent":"onLanguage:jsonc"}
[2018-06-19 13:24:24.506] [exthost1] [info] ExtensionService#loadCommonJSModule /usr/share/code/resources/app/extensions/json-language-features/client/out/jsonMain
[2018-06-19 13:24:27.150] [exthost1] [info] extension host started
[2018-06-19 13:24:27.176] [exthost1] [info] ExtensionService#_doActivateExtension vscode.emmet {"startup":true,"activationEvent":"*"}
[2018-06-19 13:24:27.176] [exthost1] [info] ExtensionService#loadCommonJSModule /usr/share/code/resources/app/extensions/emmet/out/extension
[2018-06-19 13:24:27.231] [exthost1] [info] ExtensionService#_doActivateExtension vscode.git {"startup":true,"activationEvent":"*"}
[2018-06-19 13:24:27.231] [exthost1] [info] ExtensionService#loadCommonJSModule /usr/share/code/resources/app/extensions/git/out/main
[2018-06-19 13:24:27.391] [exthost1] [info] ExtensionService#_doActivateExtension vscode.merge-conflict {"startup":true,"activationEvent":"*"}
[2018-06-19 13:24:27.391] [exthost1] [info] ExtensionService#loadCommonJSModule /usr/share/code/resources/app/extensions/merge-conflict/out/extension
[2018-06-19 13:24:27.402] [exthost1] [info] ExtensionService#_doActivateExtension vscode.search-rg {"startup":true,"activationEvent":"*"}
[2018-06-19 13:24:27.402] [exthost1] [info] ExtensionService#loadCommonJSModule /usr/share/code/resources/app/extensions/search-rg/out/extension
[2018-06-19 13:24:27.407] [exthost1] [info] ExtensionService#_doActivateExtension Equinusocio.vsc-material-theme {"startup":true,"activationEvent":"*"}
[2018-06-19 13:24:27.407] [exthost1] [info] ExtensionService#loadCommonJSModule /home/parallels/.vscode/extensions/Equinusocio.vsc-material-theme-2.1.0/extensions/material.theme.config.js
[2018-06-19 13:24:27.416] [exthost1] [info] ExtensionService#_doActivateExtension PKief.material-icon-theme {"startup":true,"activationEvent":"*"}
[2018-06-19 13:24:27.416] [exthost1] [info] ExtensionService#loadCommonJSModule /home/parallels/.vscode/extensions/PKief.material-icon-theme-3.5.0/out/src/extension
[2018-06-19 13:24:27.479] [exthost1] [info] eager extensions activated
[2018-06-19 13:24:27.482] [exthost1] [info] ExtensionService#_doActivateExtension vscode.php-language-features {"startup":false,"activationEvent":"onLanguage:php"}
[2018-06-19 13:24:27.482] [exthost1] [info] ExtensionService#loadCommonJSModule /usr/share/code/resources/app/extensions/php-language-features/out/phpMain
[2018-06-19 16:19:53.096] [exthost1] [info] ExtensionService#_doActivateExtension vscode.configuration-editing {"startup":false,"activationEvent":"onLanguage:jsonc"}
[2018-06-19 16:19:53.096] [exthost1] [info] ExtensionService#loadCommonJSModule /usr/share/code/resources/app/extensions/configuration-editing/out/extension
[2018-06-19 16:19:53.111] [exthost1] [info] ExtensionService#_doActivateExtension vscode.json-language-features {"startup":false,"activationEvent":"onLanguage:jsonc"}
[2018-06-19 16:19:53.111] [exthost1] [info] ExtensionService#loadCommonJSModule /usr/share/code/resources/app/extensions/json-language-features/client/out/jsonMain
[2018-06-19 16:35:31.498] [exthost1] [info] ExtensionService#_doActivateExtension vscode.typescript-language-features {"startup":false,"activationEvent":"onLanguage:javascript"}
[2018-06-19 16:35:31.499] [exthost1] [info] ExtensionService#loadCommonJSModule /usr/share/code/resources/app/extensions/typescript-language-features/out/extension
[2018-06-19 16:35:34.215] [exthost1] [info] ExtensionService#_doActivateExtension vscode.extension-editing {"startup":false,"activationEvent":"onLanguage:typescript"}
[2018-06-19 16:35:34.215] [exthost1] [info] ExtensionService#loadCommonJSModule /usr/share/code/resources/app/extensions/extension-editing/out/extension
[2018-06-19 16:37:41.216] [exthost1] [info] ExtensionService#_doActivateExtension vscode.css-language-features {"startup":false,"activationEvent":"onLanguage:css"}
[2018-06-19 16:37:41.216] [exthost1] [info] ExtensionService#loadCommonJSModule /usr/share/code/resources/app/extensions/css-language-features/client/out/cssMain
[2018-06-19 16:54:01.288] [exthost1] [info] ExtensionService#_doActivateExtension vscode.html-language-features {"startup":false,"activationEvent":"onLanguage:html"}
[2018-06-19 16:54:01.289] [exthost1] [info] ExtensionService#loadCommonJSModule /usr/share/code/resources/app/extensions/html-language-features/client/out/htmlMain
